<?xml version="1.0" encoding="UTF-8"?>
<!-- Generated by org.testng.reporters.JUnitReportReporter -->
<testsuite hostname="DESKTOP-DPP7IF8" failures="0" tests="1" name="com.Actitime2.genericLibraries.BaseClass" time="16.965" errors="0" timestamp="2022-12-01T12:59:59 IST" skipped="0">
  <testcase classname="com.Actitime2.genericLibraries.BaseClass" name="createCust" time="16.965"/>
  <system-out>
    <![CDATA[Test Started
Customer Created
TestScript passed]]>
  </system-out>
</testsuite> <!-- com.Actitime2.genericLibraries.BaseClass -->
