<?xml version="1.0" encoding="UTF-8"?>
<!-- Generated by org.testng.reporters.JUnitReportReporter -->
<testsuite hostname="DESKTOP-DPP7IF8" failures="0" tests="1" name="com.Actitime2.testscripts.CreateCustomer" time="12.034" errors="0" timestamp="2022-12-04T19:10:46 IST" skipped="0">
  <testcase classname="com.Actitime2.testscripts.CreateCustomer" name="createCust" time="12.034"/>
  <system-out>
    <![CDATA[Test Started]]>
  </system-out>
</testsuite> <!-- com.Actitime2.testscripts.CreateCustomer -->
